$ grind -Lgrind.log -a -i -o -n !(verb.Framestext)

Processing adj.all...
Processing adj.pert...
Processing adv.all...
Processing noun.Tops...
noun.Tops, line 7: warning: No hypernyms in synset
Processing noun.act...
Processing noun.animal...
Processing noun.artifact...
Processing noun.attribute...
Processing noun.body...
Processing noun.cognition...
Processing noun.communication...
Processing noun.event...
Processing noun.feeling...
Processing noun.food...
Processing noun.group...
Processing noun.location...
Processing noun.motive...
Processing noun.object...
Processing noun.person...
Processing noun.phenomenon...
Processing noun.plant...
Processing noun.possession...
Processing noun.process...
Processing noun.quantity...
Processing noun.relation...
Processing noun.shape...
Processing noun.state...
Processing noun.substance...
Processing noun.time...
Processing verb.body...
Processing verb.change...
Processing verb.cognition...
Processing verb.communication...
Processing verb.competition...
Processing verb.consumption...
Processing verb.contact...
Processing verb.creation...
Processing verb.emotion...
Processing verb.motion...
Processing verb.perception...
Processing verb.possession...
Processing verb.social...
Processing verb.stative...
Processing verb.weather...
Processing adj.ppl...

*** Statistics for ground files:

82067 noun synsets
13767 verb synsets
3802 adj synsets
3622 adv synsets
3659 pertainym synsets
10707 adjective satellite synsets
117624 synsets in total (including satellite and pertainym synsets)
82067 noun synsets have definitional glosses
13767 verb synsets have definitional glosses
3802 adj synsets have definitional glosses
3622 adv synsets have definitional glosses
3659 pertainym synsets have definitional glosses
10707 adjective satellite synsets have definitional glosses
117624 definitional glosses in total (including adjective satellite synsets)
224726 pointers in total
206690 synonyms in synsets
147133 unique word phrases
83004 word phrases of length 1
54485 word phrases of length 2
7754 word phrases of length 3
1456 word phrases of length 4
297 word phrases of length 5
80 word phrases of length 6
28 word phrases of length 7
20 word phrases of length 8
9 word phrases of length 9

Resolving pointers...
Done resolving pointers...
Getting sense counts...
Done with sense counts...
Figuring out byte offsets...
Dumping data files...
Done dumping data files...
Reading cntlist...
Done reading cntlist
Dumping index files...
Done dumping index files...
Dumping sense index...
Done dumping sense index...
